<?xml version="1.0" encoding="UTF-8"?>
<testsuites>
  <testsuite name="C:\Users\Jose Medina\Documents\proyectos\infodec\prueba-tecnica-infodec\backend\phpunit.xml" tests="25" assertions="131" errors="0" failures="0" skipped="0" time="2.993622">
    <testsuite name="Unit" tests="2" assertions="8" errors="0" failures="0" skipped="0" time="0.248348">
      <testsuite name="Tests\Unit\ConvertirTest" file="C:\Users\Jose Medina\Documents\proyectos\infodec\prueba-tecnica-infodec\backend\tests\Unit\ConvertirTest.php" tests="1" assertions="3" errors="0" failures="0" skipped="0" time="0.209397">
        <testcase name="test_moneda_service_convertir_calcula_y_redondea_a_dos_decimales" file="C:\Users\Jose Medina\Documents\proyectos\infodec\prueba-tecnica-infodec\backend\tests\Unit\ConvertirTest.php" line="14" class="Tests\Unit\ConvertirTest" classname="Tests.Unit.ConvertirTest" assertions="3" time="0.209397"/>
      </testsuite>
      <testsuite name="Tests\Unit\TokenServiceTest" file="C:\Users\Jose Medina\Documents\proyectos\infodec\prueba-tecnica-infodec\backend\tests\Unit\TokenServiceTest.php" tests="1" assertions="5" errors="0" failures="0" skipped="0" time="0.038951">
        <testcase name="test_token_service_emite_y_valida_access_tokens" file="C:\Users\Jose Medina\Documents\proyectos\infodec\prueba-tecnica-infodec\backend\tests\Unit\TokenServiceTest.php" line="15" class="Tests\Unit\TokenServiceTest" classname="Tests.Unit.TokenServiceTest" assertions="5" time="0.038951"/>
      </testsuite>
    </testsuite>
    <testsuite name="Feature" tests="23" assertions="123" errors="0" failures="0" skipped="0" time="2.745274">
      <testsuite name="Tests\Feature\Auth\LoginTest" file="C:\Users\Jose Medina\Documents\proyectos\infodec\prueba-tecnica-infodec\backend\tests\Feature\Auth\LoginTest.php" tests="1" assertions="15" errors="0" failures="0" skipped="0" time="0.510175">
        <testcase name="test_contrasena_incorrecta_bloquea_al_sexto_intento_con_retry_after" file="C:\Users\Jose Medina\Documents\proyectos\infodec\prueba-tecnica-infodec\backend\tests\Feature\Auth\LoginTest.php" line="36" class="Tests\Feature\Auth\LoginTest" classname="Tests.Feature.Auth.LoginTest" assertions="15" time="0.510175"/>
      </testsuite>
      <testsuite name="Tests\Feature\Auth\LogoutTest" file="C:\Users\Jose Medina\Documents\proyectos\infodec\prueba-tecnica-infodec\backend\tests\Feature\Auth\LogoutTest.php" tests="2" assertions="9" errors="0" failures="0" skipped="0" time="0.137791">
        <testcase name="test_un_token_usado_despues_del_logout_es_rechazado" file="C:\Users\Jose Medina\Documents\proyectos\infodec\prueba-tecnica-infodec\backend\tests\Feature\Auth\LogoutTest.php" line="38" class="Tests\Feature\Auth\LogoutTest" classname="Tests.Feature.Auth.LogoutTest" assertions="4" time="0.070725"/>
        <testcase name="test_logout_de_una_sesion_no_afecta_otra_sesion_del_mismo_usuario" file="C:\Users\Jose Medina\Documents\proyectos\infodec\prueba-tecnica-infodec\backend\tests\Feature\Auth\LogoutTest.php" line="79" class="Tests\Feature\Auth\LogoutTest" classname="Tests.Feature.Auth.LogoutTest" assertions="5" time="0.067066"/>
      </testsuite>
      <testsuite name="Tests\Feature\Auth\RefreshTest" file="C:\Users\Jose Medina\Documents\proyectos\infodec\prueba-tecnica-infodec\backend\tests\Feature\Auth\RefreshTest.php" tests="1" assertions="11" errors="0" failures="0" skipped="0" time="0.176766">
        <testcase name="test_un_refresh_token_usado_dos_veces_es_revocado_y_cierra_todas_las_sesiones" file="C:\Users\Jose Medina\Documents\proyectos\infodec\prueba-tecnica-infodec\backend\tests\Feature\Auth\RefreshTest.php" line="39" class="Tests\Feature\Auth\RefreshTest" classname="Tests.Feature.Auth.RefreshTest" assertions="11" time="0.176766"/>
      </testsuite>
      <testsuite name="Tests\Feature\Auth\RegistroTest" file="C:\Users\Jose Medina\Documents\proyectos\infodec\prueba-tecnica-infodec\backend\tests\Feature\Auth\RegistroTest.php" tests="2" assertions="10" errors="0" failures="0" skipped="0" time="0.105421">
        <testcase name="test_registro_con_correo_duplicado_devuelve_409" file="C:\Users\Jose Medina\Documents\proyectos\infodec\prueba-tecnica-infodec\backend\tests\Feature\Auth\RegistroTest.php" line="18" class="Tests\Feature\Auth\RegistroTest" classname="Tests.Feature.Auth.RegistroTest" assertions="2" time="0.057622"/>
        <testcase name="test_registro_exitoso_crea_usuario" file="C:\Users\Jose Medina\Documents\proyectos\infodec\prueba-tecnica-infodec\backend\tests\Feature\Auth\RegistroTest.php" line="48" class="Tests\Feature\Auth\RegistroTest" classname="Tests.Feature.Auth.RegistroTest" assertions="8" time="0.047798"/>
      </testsuite>
      <testsuite name="Tests\Feature\Auth\TokenTest" file="C:\Users\Jose Medina\Documents\proyectos\infodec\prueba-tecnica-infodec\backend\tests\Feature\Auth\TokenTest.php" tests="5" assertions="10" errors="0" failures="0" skipped="0" time="0.600679">
        <testcase name="test_un_token_valido_es_aceptado_y_devuelve_el_usuario_correcto" file="C:\Users\Jose Medina\Documents\proyectos\infodec\prueba-tecnica-infodec\backend\tests\Feature\Auth\TokenTest.php" line="33" class="Tests\Feature\Auth\TokenTest" classname="Tests.Feature.Auth.TokenTest" assertions="2" time="0.056416"/>
        <testcase name="test_un_token_con_un_solo_caracter_cambiado_en_el_medio_es_rechazado" file="C:\Users\Jose Medina\Documents\proyectos\infodec\prueba-tecnica-infodec\backend\tests\Feature\Auth\TokenTest.php" line="55" class="Tests\Feature\Auth\TokenTest" classname="Tests.Feature.Auth.TokenTest" assertions="2" time="0.165902"/>
        <testcase name="test_un_token_creado_con_otro_secreto_es_rechazado" file="C:\Users\Jose Medina\Documents\proyectos\infodec\prueba-tecnica-infodec\backend\tests\Feature\Auth\TokenTest.php" line="76" class="Tests\Feature\Auth\TokenTest" classname="Tests.Feature.Auth.TokenTest" assertions="2" time="0.169736"/>
        <testcase name="test_un_token_vencido_es_rechazado" file="C:\Users\Jose Medina\Documents\proyectos\infodec\prueba-tecnica-infodec\backend\tests\Feature\Auth\TokenTest.php" line="96" class="Tests\Feature\Auth\TokenTest" classname="Tests.Feature.Auth.TokenTest" assertions="2" time="0.157871"/>
        <testcase name="test_un_token_con_algoritmo_none_es_rechazado" file="C:\Users\Jose Medina\Documents\proyectos\infodec\prueba-tecnica-infodec\backend\tests\Feature\Auth\TokenTest.php" line="116" class="Tests\Feature\Auth\TokenTest" classname="Tests.Feature.Auth.TokenTest" assertions="2" time="0.050754"/>
      </testsuite>
      <testsuite name="Tests\Feature\Consultas\ConsultaCreacionTest" file="C:\Users\Jose Medina\Documents\proyectos\infodec\prueba-tecnica-infodec\backend\tests\Feature\Consultas\ConsultaCreacionTest.php" tests="5" assertions="12" errors="0" failures="0" skipped="0" time="0.492815">
        <testcase name="test_la_conversion_da_el_valor_correcto_con_tasa_simulada" file="C:\Users\Jose Medina\Documents\proyectos\infodec\prueba-tecnica-infodec\backend\tests\Feature\Consultas\ConsultaCreacionTest.php" line="54" class="Tests\Feature\Consultas\ConsultaCreacionTest" classname="Tests.Feature.Consultas.ConsultaCreacionTest" assertions="3" time="0.105590"/>
        <testcase name="test_si_la_api_de_moneda_falla_se_usa_la_ultima_tasa_guardada_de_respaldo" file="C:\Users\Jose Medina\Documents\proyectos\infodec\prueba-tecnica-infodec\backend\tests\Feature\Consultas\ConsultaCreacionTest.php" line="111" class="Tests\Feature\Consultas\ConsultaCreacionTest" classname="Tests.Feature.Consultas.ConsultaCreacionTest" assertions="2" time="0.087599"/>
        <testcase name="test_si_falla_solo_el_clima_responde_con_aviso_y_conversion_normal" file="C:\Users\Jose Medina\Documents\proyectos\infodec\prueba-tecnica-infodec\backend\tests\Feature\Consultas\ConsultaCreacionTest.php" line="158" class="Tests\Feature\Consultas\ConsultaCreacionTest" classname="Tests.Feature.Consultas.ConsultaCreacionTest" assertions="2" time="0.089631"/>
        <testcase name="test_si_fallan_las_dos_apis_sin_respaldo_responde_502_y_no_guarda_consulta" file="C:\Users\Jose Medina\Documents\proyectos\infodec\prueba-tecnica-infodec\backend\tests\Feature\Consultas\ConsultaCreacionTest.php" line="194" class="Tests\Feature\Consultas\ConsultaCreacionTest" classname="Tests.Feature.Consultas.ConsultaCreacionTest" assertions="3" time="0.122278"/>
        <testcase name="test_timeout_de_api_externa_devuelve_504" file="C:\Users\Jose Medina\Documents\proyectos\infodec\prueba-tecnica-infodec\backend\tests\Feature\Consultas\ConsultaCreacionTest.php" line="226" class="Tests\Feature\Consultas\ConsultaCreacionTest" classname="Tests.Feature.Consultas.ConsultaCreacionTest" assertions="2" time="0.087717"/>
      </testsuite>
      <testsuite name="Tests\Feature\Consultas\ConsultaValidacionTest" file="C:\Users\Jose Medina\Documents\proyectos\infodec\prueba-tecnica-infodec\backend\tests\Feature\Consultas\ConsultaValidacionTest.php" tests="4" assertions="14" errors="0" failures="0" skipped="0" time="0.330773">
        <testsuite name="Tests\Feature\Consultas\ConsultaValidacionTest::test_presupuesto_invalido_devuelve_error_de_validacion" tests="3" assertions="12" errors="0" failures="0" skipped="0" time="0.253171">
          <testcase name="test_presupuesto_invalido_devuelve_error_de_validacion with data set &quot;presupuesto vacío&quot;" file="C:\Users\Jose Medina\Documents\proyectos\infodec\prueba-tecnica-infodec\backend\tests\Feature\Consultas\ConsultaValidacionTest.php" line="59" class="Tests\Feature\Consultas\ConsultaValidacionTest" classname="Tests.Feature.Consultas.ConsultaValidacionTest" assertions="4" time="0.086395"/>
          <testcase name="test_presupuesto_invalido_devuelve_error_de_validacion with data set &quot;presupuesto negativo&quot;" file="C:\Users\Jose Medina\Documents\proyectos\infodec\prueba-tecnica-infodec\backend\tests\Feature\Consultas\ConsultaValidacionTest.php" line="59" class="Tests\Feature\Consultas\ConsultaValidacionTest" classname="Tests.Feature.Consultas.ConsultaValidacionTest" assertions="4" time="0.086309"/>
          <testcase name="test_presupuesto_invalido_devuelve_error_de_validacion with data set &quot;presupuesto con letras&quot;" file="C:\Users\Jose Medina\Documents\proyectos\infodec\prueba-tecnica-infodec\backend\tests\Feature\Consultas\ConsultaValidacionTest.php" line="59" class="Tests\Feature\Consultas\ConsultaValidacionTest" classname="Tests.Feature.Consultas.ConsultaValidacionTest" assertions="4" time="0.080467"/>
        </testsuite>
        <testcase name="test_json_mal_formado_devuelve_bad_request" file="C:\Users\Jose Medina\Documents\proyectos\infodec\prueba-tecnica-infodec\backend\tests\Feature\Consultas\ConsultaValidacionTest.php" line="86" class="Tests\Feature\Consultas\ConsultaValidacionTest" classname="Tests.Feature.Consultas.ConsultaValidacionTest" assertions="2" time="0.077602"/>
      </testsuite>
      <testsuite name="Tests\Feature\Consultas\HistorialTest" file="C:\Users\Jose Medina\Documents\proyectos\infodec\prueba-tecnica-infodec\backend\tests\Feature\Consultas\HistorialTest.php" tests="1" assertions="6" errors="0" failures="0" skipped="0" time="0.228866">
        <testcase name="test_historial_aislado_por_usuario_y_maximo_5_consultas" file="C:\Users\Jose Medina\Documents\proyectos\infodec\prueba-tecnica-infodec\backend\tests\Feature\Consultas\HistorialTest.php" line="59" class="Tests\Feature\Consultas\HistorialTest" classname="Tests.Feature.Consultas.HistorialTest" assertions="6" time="0.228866"/>
      </testsuite>
      <testsuite name="Tests\Feature\Paises\PaisTest" file="C:\Users\Jose Medina\Documents\proyectos\infodec\prueba-tecnica-infodec\backend\tests\Feature\Paises\PaisTest.php" tests="2" assertions="36" errors="0" failures="0" skipped="0" time="0.161989">
        <testcase name="test_pais_inexistente_devuelve_404_con_traduccion_segun_idioma" file="C:\Users\Jose Medina\Documents\proyectos\infodec\prueba-tecnica-infodec\backend\tests\Feature\Paises\PaisTest.php" line="45" class="Tests\Feature\Paises\PaisTest" classname="Tests.Feature.Paises.PaisTest" assertions="4" time="0.078605"/>
        <testcase name="test_listado_de_paises_precarga_monedas" file="C:\Users\Jose Medina\Documents\proyectos\infodec\prueba-tecnica-infodec\backend\tests\Feature\Paises\PaisTest.php" line="82" class="Tests\Feature\Paises\PaisTest" classname="Tests.Feature.Paises.PaisTest" assertions="32" time="0.083383"/>
      </testsuite>
    </testsuite>
  </testsuite>
</testsuites>
