<?xml version="1.0" encoding="UTF-8"?>
<testsuites>
  <testsuite name="C:\Users\Jose Medina\Documents\proyectos\infodec\prueba-tecnica-infodec\backend\phpunit.xml" tests="46" assertions="353" errors="0" failures="0" skipped="0" time="4.998707">
    <testsuite name="Unit" tests="2" assertions="8" errors="0" failures="0" skipped="0" time="0.211057">
      <testsuite name="Tests\Unit\ConvertirTest" file="C:\Users\Jose Medina\Documents\proyectos\infodec\prueba-tecnica-infodec\backend\tests\Unit\ConvertirTest.php" tests="1" assertions="3" errors="0" failures="0" skipped="0" time="0.179084">
        <testcase name="test_moneda_service_convertir_calcula_y_redondea_a_dos_decimales" file="C:\Users\Jose Medina\Documents\proyectos\infodec\prueba-tecnica-infodec\backend\tests\Unit\ConvertirTest.php" line="14" class="Tests\Unit\ConvertirTest" classname="Tests.Unit.ConvertirTest" assertions="3" time="0.179084"/>
      </testsuite>
      <testsuite name="Tests\Unit\TokenServiceTest" file="C:\Users\Jose Medina\Documents\proyectos\infodec\prueba-tecnica-infodec\backend\tests\Unit\TokenServiceTest.php" tests="1" assertions="5" errors="0" failures="0" skipped="0" time="0.031973">
        <testcase name="test_token_service_emite_y_valida_access_tokens" file="C:\Users\Jose Medina\Documents\proyectos\infodec\prueba-tecnica-infodec\backend\tests\Unit\TokenServiceTest.php" line="15" class="Tests\Unit\TokenServiceTest" classname="Tests.Unit.TokenServiceTest" assertions="5" time="0.031973"/>
      </testsuite>
    </testsuite>
    <testsuite name="Feature" tests="44" assertions="345" errors="0" failures="0" skipped="0" time="4.787650">
      <testsuite name="Tests\Feature\Auth\LoginTest" file="C:\Users\Jose Medina\Documents\proyectos\infodec\prueba-tecnica-infodec\backend\tests\Feature\Auth\LoginTest.php" tests="1" assertions="15" errors="0" failures="0" skipped="0" time="0.435596">
        <testcase name="test_contrasena_incorrecta_bloquea_al_sexto_intento_con_retry_after" file="C:\Users\Jose Medina\Documents\proyectos\infodec\prueba-tecnica-infodec\backend\tests\Feature\Auth\LoginTest.php" line="36" class="Tests\Feature\Auth\LoginTest" classname="Tests.Feature.Auth.LoginTest" assertions="15" time="0.435596"/>
      </testsuite>
      <testsuite name="Tests\Feature\Auth\LogoutTest" file="C:\Users\Jose Medina\Documents\proyectos\infodec\prueba-tecnica-infodec\backend\tests\Feature\Auth\LogoutTest.php" tests="2" assertions="9" errors="0" failures="0" skipped="0" time="0.218767">
        <testcase name="test_un_token_usado_despues_del_logout_es_rechazado" file="C:\Users\Jose Medina\Documents\proyectos\infodec\prueba-tecnica-infodec\backend\tests\Feature\Auth\LogoutTest.php" line="38" class="Tests\Feature\Auth\LogoutTest" classname="Tests.Feature.Auth.LogoutTest" assertions="4" time="0.160259"/>
        <testcase name="test_logout_de_una_sesion_no_afecta_otra_sesion_del_mismo_usuario" file="C:\Users\Jose Medina\Documents\proyectos\infodec\prueba-tecnica-infodec\backend\tests\Feature\Auth\LogoutTest.php" line="79" class="Tests\Feature\Auth\LogoutTest" classname="Tests.Feature.Auth.LogoutTest" assertions="5" time="0.058507"/>
      </testsuite>
      <testsuite name="Tests\Feature\Auth\RefreshTest" file="C:\Users\Jose Medina\Documents\proyectos\infodec\prueba-tecnica-infodec\backend\tests\Feature\Auth\RefreshTest.php" tests="1" assertions="11" errors="0" failures="0" skipped="0" time="0.174846">
        <testcase name="test_un_refresh_token_usado_dos_veces_es_revocado_y_cierra_todas_las_sesiones" file="C:\Users\Jose Medina\Documents\proyectos\infodec\prueba-tecnica-infodec\backend\tests\Feature\Auth\RefreshTest.php" line="39" class="Tests\Feature\Auth\RefreshTest" classname="Tests.Feature.Auth.RefreshTest" assertions="11" time="0.174846"/>
      </testsuite>
      <testsuite name="Tests\Feature\Auth\RegistroTest" file="C:\Users\Jose Medina\Documents\proyectos\infodec\prueba-tecnica-infodec\backend\tests\Feature\Auth\RegistroTest.php" tests="5" assertions="61" errors="0" failures="0" skipped="0" time="0.508136">
        <testcase name="test_registro_con_correo_duplicado_devuelve_409" file="C:\Users\Jose Medina\Documents\proyectos\infodec\prueba-tecnica-infodec\backend\tests\Feature\Auth\RegistroTest.php" line="19" class="Tests\Feature\Auth\RegistroTest" classname="Tests.Feature.Auth.RegistroTest" assertions="2" time="0.049252"/>
        <testcase name="test_registro_exitoso_crea_usuario" file="C:\Users\Jose Medina\Documents\proyectos\infodec\prueba-tecnica-infodec\backend\tests\Feature\Auth\RegistroTest.php" line="49" class="Tests\Feature\Auth\RegistroTest" classname="Tests.Feature.Auth.RegistroTest" assertions="8" time="0.047558"/>
        <testcase name="test_registro_con_crlf_en_correo_devuelve_422" file="C:\Users\Jose Medina\Documents\proyectos\infodec\prueba-tecnica-infodec\backend\tests\Feature\Auth\RegistroTest.php" line="79" class="Tests\Feature\Auth\RegistroTest" classname="Tests.Feature.Auth.RegistroTest" assertions="4" time="0.053837"/>
        <testcase name="test_el_undecimo_registro_en_un_minuto_devuelve_429" file="C:\Users\Jose Medina\Documents\proyectos\infodec\prueba-tecnica-infodec\backend\tests\Feature\Auth\RegistroTest.php" line="109" class="Tests\Feature\Auth\RegistroTest" classname="Tests.Feature.Auth.RegistroTest" assertions="15" time="0.107804"/>
        <testcase name="test_el_registro_31_en_una_hora_devuelve_429" file="C:\Users\Jose Medina\Documents\proyectos\infodec\prueba-tecnica-infodec\backend\tests\Feature\Auth\RegistroTest.php" line="145" class="Tests\Feature\Auth\RegistroTest" classname="Tests.Feature.Auth.RegistroTest" assertions="32" time="0.249684"/>
      </testsuite>
      <testsuite name="Tests\Feature\Auth\TokenTest" file="C:\Users\Jose Medina\Documents\proyectos\infodec\prueba-tecnica-infodec\backend\tests\Feature\Auth\TokenTest.php" tests="5" assertions="10" errors="0" failures="0" skipped="0" time="0.343248">
        <testcase name="test_un_token_valido_es_aceptado_y_devuelve_el_usuario_correcto" file="C:\Users\Jose Medina\Documents\proyectos\infodec\prueba-tecnica-infodec\backend\tests\Feature\Auth\TokenTest.php" line="33" class="Tests\Feature\Auth\TokenTest" classname="Tests.Feature.Auth.TokenTest" assertions="2" time="0.051000"/>
        <testcase name="test_un_token_con_un_solo_caracter_cambiado_en_el_medio_es_rechazado" file="C:\Users\Jose Medina\Documents\proyectos\infodec\prueba-tecnica-infodec\backend\tests\Feature\Auth\TokenTest.php" line="55" class="Tests\Feature\Auth\TokenTest" classname="Tests.Feature.Auth.TokenTest" assertions="2" time="0.045554"/>
        <testcase name="test_un_token_creado_con_otro_secreto_es_rechazado" file="C:\Users\Jose Medina\Documents\proyectos\infodec\prueba-tecnica-infodec\backend\tests\Feature\Auth\TokenTest.php" line="76" class="Tests\Feature\Auth\TokenTest" classname="Tests.Feature.Auth.TokenTest" assertions="2" time="0.050145"/>
        <testcase name="test_un_token_vencido_es_rechazado" file="C:\Users\Jose Medina\Documents\proyectos\infodec\prueba-tecnica-infodec\backend\tests\Feature\Auth\TokenTest.php" line="96" class="Tests\Feature\Auth\TokenTest" classname="Tests.Feature.Auth.TokenTest" assertions="2" time="0.050275"/>
        <testcase name="test_un_token_con_algoritmo_none_es_rechazado" file="C:\Users\Jose Medina\Documents\proyectos\infodec\prueba-tecnica-infodec\backend\tests\Feature\Auth\TokenTest.php" line="116" class="Tests\Feature\Auth\TokenTest" classname="Tests.Feature.Auth.TokenTest" assertions="2" time="0.146274"/>
      </testsuite>
      <testsuite name="Tests\Feature\Consultas\ConsultaCreacionTest" file="C:\Users\Jose Medina\Documents\proyectos\infodec\prueba-tecnica-infodec\backend\tests\Feature\Consultas\ConsultaCreacionTest.php" tests="5" assertions="12" errors="0" failures="0" skipped="0" time="0.447025">
        <testcase name="test_la_conversion_da_el_valor_correcto_con_tasa_simulada" file="C:\Users\Jose Medina\Documents\proyectos\infodec\prueba-tecnica-infodec\backend\tests\Feature\Consultas\ConsultaCreacionTest.php" line="54" class="Tests\Feature\Consultas\ConsultaCreacionTest" classname="Tests.Feature.Consultas.ConsultaCreacionTest" assertions="3" time="0.114597"/>
        <testcase name="test_si_la_api_de_moneda_falla_se_usa_la_ultima_tasa_guardada_de_respaldo" file="C:\Users\Jose Medina\Documents\proyectos\infodec\prueba-tecnica-infodec\backend\tests\Feature\Consultas\ConsultaCreacionTest.php" line="111" class="Tests\Feature\Consultas\ConsultaCreacionTest" classname="Tests.Feature.Consultas.ConsultaCreacionTest" assertions="2" time="0.082088"/>
        <testcase name="test_si_falla_solo_el_clima_responde_con_aviso_y_conversion_normal" file="C:\Users\Jose Medina\Documents\proyectos\infodec\prueba-tecnica-infodec\backend\tests\Feature\Consultas\ConsultaCreacionTest.php" line="159" class="Tests\Feature\Consultas\ConsultaCreacionTest" classname="Tests.Feature.Consultas.ConsultaCreacionTest" assertions="2" time="0.082401"/>
        <testcase name="test_si_fallan_las_dos_apis_sin_respaldo_responde_502_y_no_guarda_consulta" file="C:\Users\Jose Medina\Documents\proyectos\infodec\prueba-tecnica-infodec\backend\tests\Feature\Consultas\ConsultaCreacionTest.php" line="195" class="Tests\Feature\Consultas\ConsultaCreacionTest" classname="Tests.Feature.Consultas.ConsultaCreacionTest" assertions="3" time="0.091307"/>
        <testcase name="test_timeout_de_api_externa_devuelve_504" file="C:\Users\Jose Medina\Documents\proyectos\infodec\prueba-tecnica-infodec\backend\tests\Feature\Consultas\ConsultaCreacionTest.php" line="227" class="Tests\Feature\Consultas\ConsultaCreacionTest" classname="Tests.Feature.Consultas.ConsultaCreacionTest" assertions="2" time="0.076633"/>
      </testsuite>
      <testsuite name="Tests\Feature\Consultas\ConsultaValidacionTest" file="C:\Users\Jose Medina\Documents\proyectos\infodec\prueba-tecnica-infodec\backend\tests\Feature\Consultas\ConsultaValidacionTest.php" tests="4" assertions="14" errors="0" failures="0" skipped="0" time="0.504178">
        <testsuite name="Tests\Feature\Consultas\ConsultaValidacionTest::test_presupuesto_invalido_devuelve_error_de_validacion" tests="3" assertions="12" errors="0" failures="0" skipped="0" time="0.326466">
          <testcase name="test_presupuesto_invalido_devuelve_error_de_validacion with data set &quot;presupuesto vacío&quot;" file="C:\Users\Jose Medina\Documents\proyectos\infodec\prueba-tecnica-infodec\backend\tests\Feature\Consultas\ConsultaValidacionTest.php" line="59" class="Tests\Feature\Consultas\ConsultaValidacionTest" classname="Tests.Feature.Consultas.ConsultaValidacionTest" assertions="4" time="0.178372"/>
          <testcase name="test_presupuesto_invalido_devuelve_error_de_validacion with data set &quot;presupuesto negativo&quot;" file="C:\Users\Jose Medina\Documents\proyectos\infodec\prueba-tecnica-infodec\backend\tests\Feature\Consultas\ConsultaValidacionTest.php" line="59" class="Tests\Feature\Consultas\ConsultaValidacionTest" classname="Tests.Feature.Consultas.ConsultaValidacionTest" assertions="4" time="0.073137"/>
          <testcase name="test_presupuesto_invalido_devuelve_error_de_validacion with data set &quot;presupuesto con letras&quot;" file="C:\Users\Jose Medina\Documents\proyectos\infodec\prueba-tecnica-infodec\backend\tests\Feature\Consultas\ConsultaValidacionTest.php" line="59" class="Tests\Feature\Consultas\ConsultaValidacionTest" classname="Tests.Feature.Consultas.ConsultaValidacionTest" assertions="4" time="0.074957"/>
        </testsuite>
        <testcase name="test_json_mal_formado_devuelve_bad_request" file="C:\Users\Jose Medina\Documents\proyectos\infodec\prueba-tecnica-infodec\backend\tests\Feature\Consultas\ConsultaValidacionTest.php" line="86" class="Tests\Feature\Consultas\ConsultaValidacionTest" classname="Tests.Feature.Consultas.ConsultaValidacionTest" assertions="2" time="0.177711"/>
      </testsuite>
      <testsuite name="Tests\Feature\Consultas\HistorialTest" file="C:\Users\Jose Medina\Documents\proyectos\infodec\prueba-tecnica-infodec\backend\tests\Feature\Consultas\HistorialTest.php" tests="1" assertions="8" errors="0" failures="0" skipped="0" time="0.333153">
        <testcase name="test_historial_aislado_por_usuario_y_maximo_5_consultas" file="C:\Users\Jose Medina\Documents\proyectos\infodec\prueba-tecnica-infodec\backend\tests\Feature\Consultas\HistorialTest.php" line="59" class="Tests\Feature\Consultas\HistorialTest" classname="Tests.Feature.Consultas.HistorialTest" assertions="8" time="0.333153"/>
      </testsuite>
      <testsuite name="Tests\Feature\Externos\CacheExternosTest" file="C:\Users\Jose Medina\Documents\proyectos\infodec\prueba-tecnica-infodec\backend\tests\Feature\Externos\CacheExternosTest.php" tests="8" assertions="31" errors="0" failures="0" skipped="0" time="0.894247">
        <testcase name="test_clima_guardado_hace_menos_de_30_minutos_se_sirve_de_cache_sin_peticiones_http" file="C:\Users\Jose Medina\Documents\proyectos\infodec\prueba-tecnica-infodec\backend\tests\Feature\Externos\CacheExternosTest.php" line="80" class="Tests\Feature\Externos\CacheExternosTest" classname="Tests.Feature.Externos.CacheExternosTest" assertions="3" time="0.074198"/>
        <testcase name="test_clima_viejo_con_api_disponible_llama_a_la_api_y_actualiza" file="C:\Users\Jose Medina\Documents\proyectos\infodec\prueba-tecnica-infodec\backend\tests\Feature\Externos\CacheExternosTest.php" line="99" class="Tests\Feature\Externos\CacheExternosTest" classname="Tests.Feature.Externos.CacheExternosTest" assertions="5" time="0.198995"/>
        <testcase name="test_api_del_clima_caida_con_dato_de_hace_3_horas_usa_respaldo" file="C:\Users\Jose Medina\Documents\proyectos\infodec\prueba-tecnica-infodec\backend\tests\Feature\Externos\CacheExternosTest.php" line="120" class="Tests\Feature\Externos\CacheExternosTest" classname="Tests.Feature.Externos.CacheExternosTest" assertions="4" time="0.084395"/>
        <testcase name="test_api_del_clima_caida_con_dato_de_hace_30_horas_da_clima_no_disponible" file="C:\Users\Jose Medina\Documents\proyectos\infodec\prueba-tecnica-infodec\backend\tests\Feature\Externos\CacheExternosTest.php" line="150" class="Tests\Feature\Externos\CacheExternosTest" classname="Tests.Feature.Externos.CacheExternosTest" assertions="2" time="0.182435"/>
        <testcase name="test_tasa_del_dia_ya_guardada_se_sirve_de_cache_sin_llamar_a_la_api" file="C:\Users\Jose Medina\Documents\proyectos\infodec\prueba-tecnica-infodec\backend\tests\Feature\Externos\CacheExternosTest.php" line="166" class="Tests\Feature\Externos\CacheExternosTest" classname="Tests.Feature.Externos.CacheExternosTest" assertions="3" time="0.072815"/>
        <testcase name="test_tasa_de_otro_dia_obtenida_hace_mas_de_6_horas_se_vuelve_a_pedir" file="C:\Users\Jose Medina\Documents\proyectos\infodec\prueba-tecnica-infodec\backend\tests\Feature\Externos\CacheExternosTest.php" line="185" class="Tests\Feature\Externos\CacheExternosTest" classname="Tests.Feature.Externos.CacheExternosTest" assertions="3" time="0.074723"/>
        <testcase name="test_comando_externos_actualizar_guarda_8_climas_por_idioma_y_4_tasas" file="C:\Users\Jose Medina\Documents\proyectos\infodec\prueba-tecnica-infodec\backend\tests\Feature\Externos\CacheExternosTest.php" line="203" class="Tests\Feature\Externos\CacheExternosTest" classname="Tests.Feature.Externos.CacheExternosTest" assertions="5" time="0.107902"/>
        <testcase name="test_comando_externos_actualizar_sigue_si_una_llamada_falla" file="C:\Users\Jose Medina\Documents\proyectos\infodec\prueba-tecnica-infodec\backend\tests\Feature\Externos\CacheExternosTest.php" line="222" class="Tests\Feature\Externos\CacheExternosTest" classname="Tests.Feature.Externos.CacheExternosTest" assertions="6" time="0.098783"/>
      </testsuite>
      <testsuite name="Tests\Feature\Paises\PaisTest" file="C:\Users\Jose Medina\Documents\proyectos\infodec\prueba-tecnica-infodec\backend\tests\Feature\Paises\PaisTest.php" tests="2" assertions="36" errors="0" failures="0" skipped="0" time="0.150087">
        <testcase name="test_pais_inexistente_devuelve_404_con_traduccion_segun_idioma" file="C:\Users\Jose Medina\Documents\proyectos\infodec\prueba-tecnica-infodec\backend\tests\Feature\Paises\PaisTest.php" line="45" class="Tests\Feature\Paises\PaisTest" classname="Tests.Feature.Paises.PaisTest" assertions="4" time="0.075843"/>
        <testcase name="test_listado_de_paises_precarga_monedas" file="C:\Users\Jose Medina\Documents\proyectos\infodec\prueba-tecnica-infodec\backend\tests\Feature\Paises\PaisTest.php" line="82" class="Tests\Feature\Paises\PaisTest" classname="Tests.Feature.Paises.PaisTest" assertions="32" time="0.074244"/>
      </testsuite>
      <testsuite name="Tests\Feature\Salidas\SalidaTest" file="C:\Users\Jose Medina\Documents\proyectos\infodec\prueba-tecnica-infodec\backend\tests\Feature\Salidas\SalidaTest.php" tests="4" assertions="88" errors="0" failures="0" skipped="0" time="0.352690">
        <testcase name="test_salidas_responde_sin_token_con_8_ciudades_y_datos_de_moneda" file="C:\Users\Jose Medina\Documents\proyectos\infodec\prueba-tecnica-infodec\backend\tests\Feature\Salidas\SalidaTest.php" line="35" class="Tests\Feature\Salidas\SalidaTest" classname="Tests.Feature.Salidas.SalidaTest" assertions="41" time="0.069061"/>
        <testcase name="test_salidas_traduce_ciudad_y_pais_segun_idioma" file="C:\Users\Jose Medina\Documents\proyectos\infodec\prueba-tecnica-infodec\backend\tests\Feature\Salidas\SalidaTest.php" line="60" class="Tests\Feature\Salidas\SalidaTest" classname="Tests.Feature.Salidas.SalidaTest" assertions="3" time="0.073857"/>
        <testcase name="test_salidas_limita_a_30_por_minuto_por_ip" file="C:\Users\Jose Medina\Documents\proyectos\infodec\prueba-tecnica-infodec\backend\tests\Feature\Salidas\SalidaTest.php" line="83" class="Tests\Feature\Salidas\SalidaTest" classname="Tests.Feature.Salidas.SalidaTest" assertions="32" time="0.131834"/>
        <testcase name="test_codigo_iata_aparece_en_ciudades_y_en_el_historial" file="C:\Users\Jose Medina\Documents\proyectos\infodec\prueba-tecnica-infodec\backend\tests\Feature\Salidas\SalidaTest.php" line="100" class="Tests\Feature\Salidas\SalidaTest" classname="Tests.Feature.Salidas.SalidaTest" assertions="12" time="0.077938"/>
      </testsuite>
      <testsuite name="Tests\Feature\SeguridadOwaspTest" file="C:\Users\Jose Medina\Documents\proyectos\infodec\prueba-tecnica-infodec\backend\tests\Feature\SeguridadOwaspTest.php" tests="6" assertions="50" errors="0" failures="0" skipped="0" time="0.425677">
        <testcase name="test_cabeceras_de_seguridad_presentes_y_sin_x_powered_by" file="C:\Users\Jose Medina\Documents\proyectos\infodec\prueba-tecnica-infodec\backend\tests\Feature\SeguridadOwaspTest.php" line="45" class="Tests\Feature\SeguridadOwaspTest" classname="Tests.Feature.SeguridadOwaspTest" assertions="13" time="0.055005"/>
        <testcase name="test_consulta_21_en_un_minuto_responde_429" file="C:\Users\Jose Medina\Documents\proyectos\infodec\prueba-tecnica-infodec\backend\tests\Feature\SeguridadOwaspTest.php" line="72" class="Tests\Feature\SeguridadOwaspTest" classname="Tests.Feature.SeguridadOwaspTest" assertions="23" time="0.154438"/>
        <testcase name="test_peticion_de_mas_de_16_kb_responde_413" file="C:\Users\Jose Medina\Documents\proyectos\infodec\prueba-tecnica-infodec\backend\tests\Feature\SeguridadOwaspTest.php" line="142" class="Tests\Feature\SeguridadOwaspTest" classname="Tests.Feature.SeguridadOwaspTest" assertions="2" time="0.044688"/>
        <testcase name="test_historial_no_expone_usuario_id_ni_campos_internos" file="C:\Users\Jose Medina\Documents\proyectos\infodec\prueba-tecnica-infodec\backend\tests\Feature\SeguridadOwaspTest.php" line="173" class="Tests\Feature\SeguridadOwaspTest" classname="Tests.Feature.SeguridadOwaspTest" assertions="6" time="0.060458"/>
        <testcase name="test_login_fallido_escribe_en_canal_seguridad_con_correo_enmascarado" file="C:\Users\Jose Medina\Documents\proyectos\infodec\prueba-tecnica-infodec\backend\tests\Feature\SeguridadOwaspTest.php" line="224" class="Tests\Feature\SeguridadOwaspTest" classname="Tests.Feature.SeguridadOwaspTest" assertions="2" time="0.049705"/>
        <testcase name="test_comando_seguridad_resumen_y_filtro_trace_corren_sin_errores" file="C:\Users\Jose Medina\Documents\proyectos\infodec\prueba-tecnica-infodec\backend\tests\Feature\SeguridadOwaspTest.php" line="249" class="Tests\Feature\SeguridadOwaspTest" classname="Tests.Feature.SeguridadOwaspTest" assertions="4" time="0.061383"/>
      </testsuite>
    </testsuite>
  </testsuite>
</testsuites>
